c:\users\zhaojingyangchun\documents\github\zjyc-learn-1\freertos_labs\freertos-plus\demo\freertos_plus_tcp_minimal_windows_simulator\debug\win32.bsc
c:\users\zhaojingyangchun\documents\github\zjyc-learn-1\freertos_labs\freertos-plus\demo\freertos_plus_tcp_minimal_windows_simulator\debug\vc120.pdb
c:\users\zhaojingyangchun\documents\github\zjyc-learn-1\freertos_labs\freertos-plus\demo\freertos_plus_tcp_minimal_windows_simulator\debug\vc120.idb
c:\users\zhaojingyangchun\documents\github\zjyc-learn-1\freertos_labs\freertos-plus\demo\freertos_plus_tcp_minimal_windows_simulator\debug\main.sbr
c:\users\zhaojingyangchun\documents\github\zjyc-learn-1\freertos_labs\freertos-plus\demo\freertos_plus_tcp_minimal_windows_simulator\debug\demo_logging.sbr
c:\users\zhaojingyangchun\documents\github\zjyc-learn-1\freertos_labs\freertos-plus\demo\freertos_plus_tcp_minimal_windows_simulator\debug\simpleudpclientandserver.sbr
c:\users\zhaojingyangchun\documents\github\zjyc-learn-1\freertos_labs\freertos-plus\demo\freertos_plus_tcp_minimal_windows_simulator\debug\tcpechoclient_singletasks.sbr
c:\users\zhaojingyangchun\documents\github\zjyc-learn-1\freertos_labs\freertos-plus\demo\freertos_plus_tcp_minimal_windows_simulator\debug\networkinterface.sbr
c:\users\zhaojingyangchun\documents\github\zjyc-learn-1\freertos_labs\freertos-plus\demo\freertos_plus_tcp_minimal_windows_simulator\debug\bufferallocation_2.sbr
c:\users\zhaojingyangchun\documents\github\zjyc-learn-1\freertos_labs\freertos-plus\demo\freertos_plus_tcp_minimal_windows_simulator\debug\freertos_udp_ip.sbr
c:\users\zhaojingyangchun\documents\github\zjyc-learn-1\freertos_labs\freertos-plus\demo\freertos_plus_tcp_minimal_windows_simulator\debug\freertos_tcp_win.sbr
c:\users\zhaojingyangchun\documents\github\zjyc-learn-1\freertos_labs\freertos-plus\demo\freertos_plus_tcp_minimal_windows_simulator\debug\freertos_tcp_ip.sbr
c:\users\zhaojingyangchun\documents\github\zjyc-learn-1\freertos_labs\freertos-plus\demo\freertos_plus_tcp_minimal_windows_simulator\debug\freertos_stream_buffer.sbr
c:\users\zhaojingyangchun\documents\github\zjyc-learn-1\freertos_labs\freertos-plus\demo\freertos_plus_tcp_minimal_windows_simulator\debug\freertos_sockets.sbr
c:\users\zhaojingyangchun\documents\github\zjyc-learn-1\freertos_labs\freertos-plus\demo\freertos_plus_tcp_minimal_windows_simulator\debug\freertos_ip.sbr
c:\users\zhaojingyangchun\documents\github\zjyc-learn-1\freertos_labs\freertos-plus\demo\freertos_plus_tcp_minimal_windows_simulator\debug\freertos_dns.sbr
c:\users\zhaojingyangchun\documents\github\zjyc-learn-1\freertos_labs\freertos-plus\demo\freertos_plus_tcp_minimal_windows_simulator\debug\freertos_dhcp.sbr
c:\users\zhaojingyangchun\documents\github\zjyc-learn-1\freertos_labs\freertos-plus\demo\freertos_plus_tcp_minimal_windows_simulator\debug\freertos_arp.sbr
c:\users\zhaojingyangchun\documents\github\zjyc-learn-1\freertos_labs\freertos-plus\demo\freertos_plus_tcp_minimal_windows_simulator\debug\timers.sbr
c:\users\zhaojingyangchun\documents\github\zjyc-learn-1\freertos_labs\freertos-plus\demo\freertos_plus_tcp_minimal_windows_simulator\debug\tasks.sbr
c:\users\zhaojingyangchun\documents\github\zjyc-learn-1\freertos_labs\freertos-plus\demo\freertos_plus_tcp_minimal_windows_simulator\debug\queue.sbr
c:\users\zhaojingyangchun\documents\github\zjyc-learn-1\freertos_labs\freertos-plus\demo\freertos_plus_tcp_minimal_windows_simulator\debug\port.sbr
c:\users\zhaojingyangchun\documents\github\zjyc-learn-1\freertos_labs\freertos-plus\demo\freertos_plus_tcp_minimal_windows_simulator\debug\heap_4.sbr
c:\users\zhaojingyangchun\documents\github\zjyc-learn-1\freertos_labs\freertos-plus\demo\freertos_plus_tcp_minimal_windows_simulator\debug\heap_4.obj
c:\users\zhaojingyangchun\documents\github\zjyc-learn-1\freertos_labs\freertos-plus\demo\freertos_plus_tcp_minimal_windows_simulator\debug\port.obj
c:\users\zhaojingyangchun\documents\github\zjyc-learn-1\freertos_labs\freertos-plus\demo\freertos_plus_tcp_minimal_windows_simulator\debug\queue.obj
c:\users\zhaojingyangchun\documents\github\zjyc-learn-1\freertos_labs\freertos-plus\demo\freertos_plus_tcp_minimal_windows_simulator\debug\tasks.obj
c:\users\zhaojingyangchun\documents\github\zjyc-learn-1\freertos_labs\freertos-plus\demo\freertos_plus_tcp_minimal_windows_simulator\debug\timers.obj
c:\users\zhaojingyangchun\documents\github\zjyc-learn-1\freertos_labs\freertos-plus\demo\freertos_plus_tcp_minimal_windows_simulator\debug\freertos_arp.obj
c:\users\zhaojingyangchun\documents\github\zjyc-learn-1\freertos_labs\freertos-plus\demo\freertos_plus_tcp_minimal_windows_simulator\debug\freertos_dhcp.obj
c:\users\zhaojingyangchun\documents\github\zjyc-learn-1\freertos_labs\freertos-plus\demo\freertos_plus_tcp_minimal_windows_simulator\debug\freertos_dns.obj
c:\users\zhaojingyangchun\documents\github\zjyc-learn-1\freertos_labs\freertos-plus\demo\freertos_plus_tcp_minimal_windows_simulator\debug\freertos_ip.obj
c:\users\zhaojingyangchun\documents\github\zjyc-learn-1\freertos_labs\freertos-plus\demo\freertos_plus_tcp_minimal_windows_simulator\debug\freertos_sockets.obj
c:\users\zhaojingyangchun\documents\github\zjyc-learn-1\freertos_labs\freertos-plus\demo\freertos_plus_tcp_minimal_windows_simulator\debug\freertos_stream_buffer.obj
c:\users\zhaojingyangchun\documents\github\zjyc-learn-1\freertos_labs\freertos-plus\demo\freertos_plus_tcp_minimal_windows_simulator\debug\freertos_tcp_ip.obj
c:\users\zhaojingyangchun\documents\github\zjyc-learn-1\freertos_labs\freertos-plus\demo\freertos_plus_tcp_minimal_windows_simulator\debug\freertos_tcp_win.obj
c:\users\zhaojingyangchun\documents\github\zjyc-learn-1\freertos_labs\freertos-plus\demo\freertos_plus_tcp_minimal_windows_simulator\debug\freertos_udp_ip.obj
c:\users\zhaojingyangchun\documents\github\zjyc-learn-1\freertos_labs\freertos-plus\demo\freertos_plus_tcp_minimal_windows_simulator\debug\bufferallocation_2.obj
c:\users\zhaojingyangchun\documents\github\zjyc-learn-1\freertos_labs\freertos-plus\demo\freertos_plus_tcp_minimal_windows_simulator\debug\networkinterface.obj
c:\users\zhaojingyangchun\documents\github\zjyc-learn-1\freertos_labs\freertos-plus\demo\freertos_plus_tcp_minimal_windows_simulator\debug\tcpechoclient_singletasks.obj
c:\users\zhaojingyangchun\documents\github\zjyc-learn-1\freertos_labs\freertos-plus\demo\freertos_plus_tcp_minimal_windows_simulator\debug\simpleudpclientandserver.obj
c:\users\zhaojingyangchun\documents\github\zjyc-learn-1\freertos_labs\freertos-plus\demo\freertos_plus_tcp_minimal_windows_simulator\debug\demo_logging.obj
c:\users\zhaojingyangchun\documents\github\zjyc-learn-1\freertos_labs\freertos-plus\demo\freertos_plus_tcp_minimal_windows_simulator\debug\main.obj
c:\users\zhaojingyangchun\documents\github\zjyc-learn-1\freertos_labs\freertos-plus\demo\freertos_plus_tcp_minimal_windows_simulator\debug\list.sbr
c:\users\zhaojingyangchun\documents\github\zjyc-learn-1\freertos_labs\freertos-plus\demo\freertos_plus_tcp_minimal_windows_simulator\debug\event_groups.sbr
c:\users\zhaojingyangchun\documents\github\zjyc-learn-1\freertos_labs\freertos-plus\demo\freertos_plus_tcp_minimal_windows_simulator\debug\event_groups.obj
c:\users\zhaojingyangchun\documents\github\zjyc-learn-1\freertos_labs\freertos-plus\demo\freertos_plus_tcp_minimal_windows_simulator\debug\list.obj
c:\users\zhaojingyangchun\documents\github\zjyc-learn-1\freertos_labs\freertos-plus\demo\freertos_plus_tcp_minimal_windows_simulator\debug\rtosdemo.ilk
c:\users\zhaojingyangchun\documents\github\zjyc-learn-1\freertos_labs\freertos-plus\demo\freertos_plus_tcp_minimal_windows_simulator\debug\rtosdemo.exe
c:\users\zhaojingyangchun\documents\github\zjyc-learn-1\freertos_labs\freertos-plus\demo\freertos_plus_tcp_minimal_windows_simulator\debug\win32.pdb
c:\github\zjyc-learn-1\freertos_labs\freertos-plus\demo\freertos_plus_tcp_minimal_windows_simulator\debug\bufferallocation_2.obj
c:\github\zjyc-learn-1\freertos_labs\freertos-plus\demo\freertos_plus_tcp_minimal_windows_simulator\debug\demo_logging.obj
c:\github\zjyc-learn-1\freertos_labs\freertos-plus\demo\freertos_plus_tcp_minimal_windows_simulator\debug\event_groups.obj
c:\github\zjyc-learn-1\freertos_labs\freertos-plus\demo\freertos_plus_tcp_minimal_windows_simulator\debug\freertos_arp.obj
c:\github\zjyc-learn-1\freertos_labs\freertos-plus\demo\freertos_plus_tcp_minimal_windows_simulator\debug\freertos_dhcp.obj
c:\github\zjyc-learn-1\freertos_labs\freertos-plus\demo\freertos_plus_tcp_minimal_windows_simulator\debug\freertos_dns.obj
c:\github\zjyc-learn-1\freertos_labs\freertos-plus\demo\freertos_plus_tcp_minimal_windows_simulator\debug\freertos_ip.obj
c:\github\zjyc-learn-1\freertos_labs\freertos-plus\demo\freertos_plus_tcp_minimal_windows_simulator\debug\freertos_sockets.obj
c:\github\zjyc-learn-1\freertos_labs\freertos-plus\demo\freertos_plus_tcp_minimal_windows_simulator\debug\freertos_stream_buffer.obj
c:\github\zjyc-learn-1\freertos_labs\freertos-plus\demo\freertos_plus_tcp_minimal_windows_simulator\debug\freertos_tcp_ip.obj
c:\github\zjyc-learn-1\freertos_labs\freertos-plus\demo\freertos_plus_tcp_minimal_windows_simulator\debug\freertos_tcp_win.obj
c:\github\zjyc-learn-1\freertos_labs\freertos-plus\demo\freertos_plus_tcp_minimal_windows_simulator\debug\freertos_udp_ip.obj
c:\github\zjyc-learn-1\freertos_labs\freertos-plus\demo\freertos_plus_tcp_minimal_windows_simulator\debug\heap_4.obj
c:\github\zjyc-learn-1\freertos_labs\freertos-plus\demo\freertos_plus_tcp_minimal_windows_simulator\debug\list.obj
c:\github\zjyc-learn-1\freertos_labs\freertos-plus\demo\freertos_plus_tcp_minimal_windows_simulator\debug\main.obj
c:\github\zjyc-learn-1\freertos_labs\freertos-plus\demo\freertos_plus_tcp_minimal_windows_simulator\debug\networkinterface.obj
c:\github\zjyc-learn-1\freertos_labs\freertos-plus\demo\freertos_plus_tcp_minimal_windows_simulator\debug\port.obj
c:\github\zjyc-learn-1\freertos_labs\freertos-plus\demo\freertos_plus_tcp_minimal_windows_simulator\debug\queue.obj
c:\github\zjyc-learn-1\freertos_labs\freertos-plus\demo\freertos_plus_tcp_minimal_windows_simulator\debug\simpleudpclientandserver.obj
c:\github\zjyc-learn-1\freertos_labs\freertos-plus\demo\freertos_plus_tcp_minimal_windows_simulator\debug\tasks.obj
c:\github\zjyc-learn-1\freertos_labs\freertos-plus\demo\freertos_plus_tcp_minimal_windows_simulator\debug\tcpechoclient_singletasks.obj
c:\github\zjyc-learn-1\freertos_labs\freertos-plus\demo\freertos_plus_tcp_minimal_windows_simulator\debug\timers.obj
c:\github\zjyc-learn-1\freertos_labs\freertos-plus\demo\freertos_plus_tcp_minimal_windows_simulator\debug\rtosdemo.ilk
c:\github\zjyc-learn-1\freertos_labs\freertos-plus\demo\freertos_plus_tcp_minimal_windows_simulator\debug\vc120.idb
c:\github\zjyc-learn-1\freertos_labs\freertos-plus\demo\freertos_plus_tcp_minimal_windows_simulator\debug\vc120.pdb
c:\github\zjyc-learn-1\freertos_labs\freertos-plus\demo\freertos_plus_tcp_minimal_windows_simulator\debug\win32.pdb
c:\github\zjyc-learn-1\freertos_labs\freertos-plus\demo\freertos_plus_tcp_minimal_windows_simulator\debug\win32.bsc
c:\github\zjyc-learn-1\freertos_labs\freertos-plus\demo\freertos_plus_tcp_minimal_windows_simulator\debug\bufferallocation_2.sbr
c:\github\zjyc-learn-1\freertos_labs\freertos-plus\demo\freertos_plus_tcp_minimal_windows_simulator\debug\demo_logging.sbr
c:\github\zjyc-learn-1\freertos_labs\freertos-plus\demo\freertos_plus_tcp_minimal_windows_simulator\debug\event_groups.sbr
c:\github\zjyc-learn-1\freertos_labs\freertos-plus\demo\freertos_plus_tcp_minimal_windows_simulator\debug\freertos_arp.sbr
c:\github\zjyc-learn-1\freertos_labs\freertos-plus\demo\freertos_plus_tcp_minimal_windows_simulator\debug\freertos_dhcp.sbr
c:\github\zjyc-learn-1\freertos_labs\freertos-plus\demo\freertos_plus_tcp_minimal_windows_simulator\debug\freertos_dns.sbr
c:\github\zjyc-learn-1\freertos_labs\freertos-plus\demo\freertos_plus_tcp_minimal_windows_simulator\debug\freertos_ip.sbr
c:\github\zjyc-learn-1\freertos_labs\freertos-plus\demo\freertos_plus_tcp_minimal_windows_simulator\debug\freertos_sockets.sbr
c:\github\zjyc-learn-1\freertos_labs\freertos-plus\demo\freertos_plus_tcp_minimal_windows_simulator\debug\freertos_stream_buffer.sbr
c:\github\zjyc-learn-1\freertos_labs\freertos-plus\demo\freertos_plus_tcp_minimal_windows_simulator\debug\freertos_tcp_ip.sbr
c:\github\zjyc-learn-1\freertos_labs\freertos-plus\demo\freertos_plus_tcp_minimal_windows_simulator\debug\freertos_tcp_win.sbr
c:\github\zjyc-learn-1\freertos_labs\freertos-plus\demo\freertos_plus_tcp_minimal_windows_simulator\debug\freertos_udp_ip.sbr
c:\github\zjyc-learn-1\freertos_labs\freertos-plus\demo\freertos_plus_tcp_minimal_windows_simulator\debug\heap_4.sbr
c:\github\zjyc-learn-1\freertos_labs\freertos-plus\demo\freertos_plus_tcp_minimal_windows_simulator\debug\list.sbr
c:\github\zjyc-learn-1\freertos_labs\freertos-plus\demo\freertos_plus_tcp_minimal_windows_simulator\debug\main.sbr
c:\github\zjyc-learn-1\freertos_labs\freertos-plus\demo\freertos_plus_tcp_minimal_windows_simulator\debug\networkinterface.sbr
c:\github\zjyc-learn-1\freertos_labs\freertos-plus\demo\freertos_plus_tcp_minimal_windows_simulator\debug\port.sbr
c:\github\zjyc-learn-1\freertos_labs\freertos-plus\demo\freertos_plus_tcp_minimal_windows_simulator\debug\queue.sbr
c:\github\zjyc-learn-1\freertos_labs\freertos-plus\demo\freertos_plus_tcp_minimal_windows_simulator\debug\simpleudpclientandserver.sbr
c:\github\zjyc-learn-1\freertos_labs\freertos-plus\demo\freertos_plus_tcp_minimal_windows_simulator\debug\tasks.sbr
c:\github\zjyc-learn-1\freertos_labs\freertos-plus\demo\freertos_plus_tcp_minimal_windows_simulator\debug\tcpechoclient_singletasks.sbr
c:\github\zjyc-learn-1\freertos_labs\freertos-plus\demo\freertos_plus_tcp_minimal_windows_simulator\debug\timers.sbr
c:\github\zjyc-learn-1\freertos_labs\freertos-plus\demo\freertos_plus_tcp_minimal_windows_simulator\.\debug\rtosdemo.exe
c:\github\zjyc-learn-1\freertos_labs\freertos-plus\demo\freertos_plus_tcp_minimal_windows_simulator\debug\rtosdemo.tlog\bscmake.command.1.tlog
c:\github\zjyc-learn-1\freertos_labs\freertos-plus\demo\freertos_plus_tcp_minimal_windows_simulator\debug\rtosdemo.tlog\bscmake.read.1.tlog
c:\github\zjyc-learn-1\freertos_labs\freertos-plus\demo\freertos_plus_tcp_minimal_windows_simulator\debug\rtosdemo.tlog\bscmake.write.1.tlog
c:\github\zjyc-learn-1\freertos_labs\freertos-plus\demo\freertos_plus_tcp_minimal_windows_simulator\debug\rtosdemo.tlog\cl.command.1.tlog
c:\github\zjyc-learn-1\freertos_labs\freertos-plus\demo\freertos_plus_tcp_minimal_windows_simulator\debug\rtosdemo.tlog\cl.read.1.tlog
c:\github\zjyc-learn-1\freertos_labs\freertos-plus\demo\freertos_plus_tcp_minimal_windows_simulator\debug\rtosdemo.tlog\cl.write.1.tlog
c:\github\zjyc-learn-1\freertos_labs\freertos-plus\demo\freertos_plus_tcp_minimal_windows_simulator\debug\rtosdemo.tlog\link.command.1.tlog
c:\github\zjyc-learn-1\freertos_labs\freertos-plus\demo\freertos_plus_tcp_minimal_windows_simulator\debug\rtosdemo.tlog\link.read.1.tlog
c:\github\zjyc-learn-1\freertos_labs\freertos-plus\demo\freertos_plus_tcp_minimal_windows_simulator\debug\rtosdemo.tlog\link.write.1.tlog
