生成启动时间为 2017/1/3 23:34:50。
     1>项目“C:\Users\Zhaojingyangchun\Documents\GitHub\ZJYC-learn-1\FreeRTOS_Labs\FreeRTOS-Plus\Demo\FreeRTOS_Plus_TCP_Minimal_Windows_Simulator\WIN32.vcxproj”在节点 2 上(Build 个目标)。
     1>ClCompile:
         E:\DangerWithYou\VS2013\VC\bin\CL.exe /c /I"..\..\Source\FreeRTOS-Plus-FAT\include" /I"..\..\Source\FreeRTOS-Plus-FAT\portable\common" /I"..\..\Source\FreeRTOS-Plus-TCP\protocols\include" /I"..\..\Source\FreeRTOS-Plus-TCP\portable\BufferManagement" /I.\DemoTasks\include /I"..\..\Source\FreeRTOS-Plus-TCP\portable\Compiler\MSVC" /I.\WinPCap /I..\..\..\FreeRTOS\Source\include /I"..\..\..\FreeRTOS\Source\portable\MSVC-MingW" /I"..\..\Source\FreeRTOS-Plus-CLI" /I.\TraceMacros\Example1 /I"..\..\Source\FreeRTOS-Plus-TCP\include" /I. /ZI /nologo /W4 /WX- /Od /Oy- /D WIN32 /D _DEBUG /D _CONSOLE /D _WIN32_WINNT=0x0500 /D WINVER=0x400 /D _CRT_SECURE_NO_WARNINGS /D _VC80_UPGRADE=0x0600 /D _MBCS /Gm /RTC1 /MD /GS /fp:precise /Zc:wchar_t /Zc:forScope /Fo".\Debug/" /Fd".\Debug/vc120.pdb" /FR".\Debug\\" /Gd /TC /analyze- /errorReport:prompt /wd4210 /wd4127 /wd4214 /wd4201 /wd4244  /wd4310 ..\..\..\FreeRTOS\Source\event_groups.c ..\..\..\FreeRTOS\Source\list.c "..\..\..\FreeRTOS\Source\portable\MSVC-MingW\port.c" ..\..\..\FreeRTOS\Source\portable\MemMang\heap_4.c ..\..\..\FreeRTOS\Source\queue.c ..\..\..\FreeRTOS\Source\tasks.c ..\..\..\FreeRTOS\Source\timers.c "..\..\Source\FreeRTOS-Plus-TCP\FreeRTOS_ARP.c" "..\..\Source\FreeRTOS-Plus-TCP\FreeRTOS_DHCP.c" "..\..\Source\FreeRTOS-Plus-TCP\FreeRTOS_DNS.c" "..\..\Source\FreeRTOS-Plus-TCP\FreeRTOS_IP.c" "..\..\Source\FreeRTOS-Plus-TCP\FreeRTOS_Sockets.c" "..\..\Source\FreeRTOS-Plus-TCP\FreeRTOS_Stream_Buffer.c" "..\..\Source\FreeRTOS-Plus-TCP\FreeRTOS_TCP_IP.c" "..\..\Source\FreeRTOS-Plus-TCP\FreeRTOS_TCP_WIN.c" "..\..\Source\FreeRTOS-Plus-TCP\FreeRTOS_UDP_IP.c" "..\..\Source\FreeRTOS-Plus-TCP\portable\BufferManagement\BufferAllocation_2.c" "..\..\Source\FreeRTOS-Plus-TCP\portable\NetworkInterface\WinPCap\NetworkInterface.c" DemoTasks\SimpleUDPClientAndServer.c DemoTasks\TCPEchoClient_SingleTasks.c demo_logging.c main.c
         main.c
         demo_logging.c
         TCPEchoClient_SingleTasks.c
         SimpleUDPClientAndServer.c
         NetworkInterface.c
         BufferAllocation_2.c
         FreeRTOS_UDP_IP.c
         FreeRTOS_TCP_WIN.c
         FreeRTOS_TCP_IP.c
         FreeRTOS_Stream_Buffer.c
         FreeRTOS_Sockets.c
         FreeRTOS_IP.c
         FreeRTOS_DNS.c
         FreeRTOS_DHCP.c
         FreeRTOS_ARP.c
         timers.c
         tasks.c
         queue.c
         heap_4.c
         port.c
         正在生成代码...
         正在编译...
         list.c
         event_groups.c
         正在生成代码...
       Link:
         E:\DangerWithYou\VS2013\VC\bin\link.exe /ERRORREPORT:PROMPT /OUT:".\Debug/RTOSDemo.exe" /INCREMENTAL /NOLOGO /LIBPATH:.\WinPCap wpcap.lib kernel32.lib user32.lib gdi32.lib winspool.lib comdlg32.lib advapi32.lib shell32.lib ole32.lib oleaut32.lib uuid.lib odbc32.lib odbccp32.lib /MANIFEST /MANIFESTUAC:"level='asInvoker' uiAccess='false'" /manifest:embed /DEBUG /PDB:".\Debug/WIN32.pdb" /SUBSYSTEM:CONSOLE /TLBID:1 /DYNAMICBASE /NXCOMPAT /IMPLIB:".\Debug\RTOSDemo.lib" /MACHINE:X86 /SAFESEH .\Debug/event_groups.obj
         .\Debug/list.obj
         .\Debug/heap_4.obj
         .\Debug/port.obj
         .\Debug/queue.obj
         .\Debug/tasks.obj
         .\Debug/timers.obj
         .\Debug/FreeRTOS_ARP.obj
         .\Debug/FreeRTOS_DHCP.obj
         .\Debug/FreeRTOS_DNS.obj
         .\Debug/FreeRTOS_IP.obj
         .\Debug/FreeRTOS_Sockets.obj
         .\Debug/FreeRTOS_Stream_Buffer.obj
         .\Debug/FreeRTOS_TCP_IP.obj
         .\Debug/FreeRTOS_TCP_WIN.obj
         .\Debug/FreeRTOS_UDP_IP.obj
         .\Debug/BufferAllocation_2.obj
         .\Debug/NetworkInterface.obj
         .\Debug/TCPEchoClient_SingleTasks.obj
         .\Debug/SimpleUDPClientAndServer.obj
         .\Debug/demo_logging.obj
         .\Debug/main.obj
     1>event_groups.obj : warning LNK4075: 忽略“/EDITANDCONTINUE”(由于“/SAFESEH”规范)
         WIN32.vcxproj -> C:\Users\Zhaojingyangchun\Documents\GitHub\ZJYC-learn-1\FreeRTOS_Labs\FreeRTOS-Plus\Demo\FreeRTOS_Plus_TCP_Minimal_Windows_Simulator\.\Debug\RTOSDemo.exe
       BscMake:
         E:\DangerWithYou\VS2013\VC\bin\bscmake.exe /nologo /o".\Debug/WIN32.bsc" .\Debug\event_groups.sbr .\Debug\list.sbr .\Debug\heap_4.sbr .\Debug\port.sbr .\Debug\queue.sbr .\Debug\tasks.sbr .\Debug\timers.sbr .\Debug\FreeRTOS_ARP.sbr .\Debug\FreeRTOS_DHCP.sbr .\Debug\FreeRTOS_DNS.sbr .\Debug\FreeRTOS_IP.sbr .\Debug\FreeRTOS_Sockets.sbr .\Debug\FreeRTOS_Stream_Buffer.sbr .\Debug\FreeRTOS_TCP_IP.sbr .\Debug\FreeRTOS_TCP_WIN.sbr .\Debug\FreeRTOS_UDP_IP.sbr .\Debug\BufferAllocation_2.sbr .\Debug\NetworkInterface.sbr .\Debug\TCPEchoClient_SingleTasks.sbr .\Debug\SimpleUDPClientAndServer.sbr .\Debug\demo_logging.sbr .\Debug\main.sbr
     1>已完成生成项目“C:\Users\Zhaojingyangchun\Documents\GitHub\ZJYC-learn-1\FreeRTOS_Labs\FreeRTOS-Plus\Demo\FreeRTOS_Plus_TCP_Minimal_Windows_Simulator\WIN32.vcxproj”(Build 个目标)的操作。

生成成功。

已用时间 00:00:20.85
