c:\users\zhaojingyangchun\documents\github\zjyc-learn-1\freertos_labs\diy\tcp-diy\tcp-diy\debug\vc120.pdb
c:\users\zhaojingyangchun\documents\github\zjyc-learn-1\freertos_labs\diy\tcp-diy\tcp-diy\debug\vc120.idb
c:\users\zhaojingyangchun\documents\github\zjyc-learn-1\freertos_labs\diy\tcp-diy\tcp-diy\debug\arp.obj
c:\users\zhaojingyangchun\documents\github\zjyc-learn-1\freertos_labs\diy\tcp-diy\tcp-diy\debug\basic.obj
c:\users\zhaojingyangchun\documents\github\zjyc-learn-1\freertos_labs\diy\tcp-diy\tcp-diy\debug\ethernet.obj
c:\users\zhaojingyangchun\documents\github\zjyc-learn-1\freertos_labs\diy\tcp-diy\tcp-diy\debug\heap_5.obj
c:\users\zhaojingyangchun\documents\github\zjyc-learn-1\freertos_labs\diy\tcp-diy\tcp-diy\debug\ip.obj
c:\users\zhaojingyangchun\documents\github\zjyc-learn-1\freertos_labs\diy\tcp-diy\tcp-diy\debug\networkbuff.obj
c:\users\zhaojingyangchun\documents\github\zjyc-learn-1\freertos_labs\diy\tcp-diy\tcp-diy\debug\socket.obj
c:\users\zhaojingyangchun\documents\github\zjyc-learn-1\freertos_labs\diy\tcp-diy\tcp-diy\debug\tcp.obj
c:\users\zhaojingyangchun\documents\github\zjyc-learn-1\freertos_labs\diy\tcp-diy\tcp-diy\debug\udp.obj
c:\users\zhaojingyangchun\documents\github\zjyc-learn-1\freertos_labs\diy\tcp-diy\tcp-diy\debug\main.obj
c:\users\zhaojingyangchun\documents\github\zjyc-learn-1\freertos_labs\diy\tcp-diy\tcp-diy\debug\tcp_task.obj
c:\users\zhaojingyangchun\documents\github\zjyc-learn-1\freertos_labs\diy\tcp-diy\debug\tcp-diy.ilk
c:\users\zhaojingyangchun\documents\github\zjyc-learn-1\freertos_labs\diy\tcp-diy\debug\tcp-diy.exe
c:\users\zhaojingyangchun\documents\github\zjyc-learn-1\freertos_labs\diy\tcp-diy\debug\tcp-diy.pdb
c:\github\zjyc-learn-1\zjyc-learn-1\freertos_labs\diy\tcp-diy\tcp-diy\debug\arp.obj
c:\github\zjyc-learn-1\zjyc-learn-1\freertos_labs\diy\tcp-diy\tcp-diy\debug\basic.obj
c:\github\zjyc-learn-1\zjyc-learn-1\freertos_labs\diy\tcp-diy\tcp-diy\debug\ethernet.obj
c:\github\zjyc-learn-1\zjyc-learn-1\freertos_labs\diy\tcp-diy\tcp-diy\debug\heap_5.obj
c:\github\zjyc-learn-1\zjyc-learn-1\freertos_labs\diy\tcp-diy\tcp-diy\debug\ip.obj
c:\github\zjyc-learn-1\zjyc-learn-1\freertos_labs\diy\tcp-diy\tcp-diy\debug\main.obj
c:\github\zjyc-learn-1\zjyc-learn-1\freertos_labs\diy\tcp-diy\tcp-diy\debug\networkbuff.obj
c:\github\zjyc-learn-1\zjyc-learn-1\freertos_labs\diy\tcp-diy\tcp-diy\debug\socket.obj
c:\github\zjyc-learn-1\zjyc-learn-1\freertos_labs\diy\tcp-diy\tcp-diy\debug\tcp.obj
c:\github\zjyc-learn-1\zjyc-learn-1\freertos_labs\diy\tcp-diy\tcp-diy\debug\tcp_task.obj
c:\github\zjyc-learn-1\zjyc-learn-1\freertos_labs\diy\tcp-diy\tcp-diy\debug\udp.obj
c:\github\zjyc-learn-1\zjyc-learn-1\freertos_labs\diy\tcp-diy\tcp-diy\debug\vc120.idb
c:\github\zjyc-learn-1\zjyc-learn-1\freertos_labs\diy\tcp-diy\tcp-diy\debug\vc120.pdb
c:\github\zjyc-learn-1\zjyc-learn-1\freertos_labs\diy\tcp-diy\debug\tcp-diy.pdb
c:\github\zjyc-learn-1\zjyc-learn-1\freertos_labs\diy\tcp-diy\debug\tcp-diy.exe
c:\github\zjyc-learn-1\zjyc-learn-1\freertos_labs\diy\tcp-diy\debug\tcp-diy.ilk
c:\github\zjyc-learn-1\zjyc-learn-1\freertos_labs\diy\tcp-diy\tcp-diy\debug\tcp-diy.tlog\cl.command.1.tlog
c:\github\zjyc-learn-1\zjyc-learn-1\freertos_labs\diy\tcp-diy\tcp-diy\debug\tcp-diy.tlog\cl.read.1.tlog
c:\github\zjyc-learn-1\zjyc-learn-1\freertos_labs\diy\tcp-diy\tcp-diy\debug\tcp-diy.tlog\cl.write.1.tlog
c:\github\zjyc-learn-1\zjyc-learn-1\freertos_labs\diy\tcp-diy\tcp-diy\debug\tcp-diy.tlog\link.command.1.tlog
c:\github\zjyc-learn-1\zjyc-learn-1\freertos_labs\diy\tcp-diy\tcp-diy\debug\tcp-diy.tlog\link.read.1.tlog
c:\github\zjyc-learn-1\zjyc-learn-1\freertos_labs\diy\tcp-diy\tcp-diy\debug\tcp-diy.tlog\link.write.1.tlog
