c:\users\zhaojingyangchun\documents\github\zjyc-learn-1\freertos_labs\diy\tcp-diy\tcp-diy\debug\vc120.pdb
c:\users\zhaojingyangchun\documents\github\zjyc-learn-1\freertos_labs\diy\tcp-diy\tcp-diy\debug\vc120.idb
c:\users\zhaojingyangchun\documents\github\zjyc-learn-1\freertos_labs\diy\tcp-diy\tcp-diy\debug\arp.obj
c:\users\zhaojingyangchun\documents\github\zjyc-learn-1\freertos_labs\diy\tcp-diy\tcp-diy\debug\basic.obj
c:\users\zhaojingyangchun\documents\github\zjyc-learn-1\freertos_labs\diy\tcp-diy\tcp-diy\debug\ethernet.obj
c:\users\zhaojingyangchun\documents\github\zjyc-learn-1\freertos_labs\diy\tcp-diy\tcp-diy\debug\heap_5.obj
c:\users\zhaojingyangchun\documents\github\zjyc-learn-1\freertos_labs\diy\tcp-diy\tcp-diy\debug\ip.obj
c:\users\zhaojingyangchun\documents\github\zjyc-learn-1\freertos_labs\diy\tcp-diy\tcp-diy\debug\networkbuff.obj
c:\users\zhaojingyangchun\documents\github\zjyc-learn-1\freertos_labs\diy\tcp-diy\tcp-diy\debug\socket.obj
c:\users\zhaojingyangchun\documents\github\zjyc-learn-1\freertos_labs\diy\tcp-diy\tcp-diy\debug\tcp.obj
c:\users\zhaojingyangchun\documents\github\zjyc-learn-1\freertos_labs\diy\tcp-diy\tcp-diy\debug\udp.obj
c:\users\zhaojingyangchun\documents\github\zjyc-learn-1\freertos_labs\diy\tcp-diy\tcp-diy\debug\main.obj
c:\users\zhaojingyangchun\documents\github\zjyc-learn-1\freertos_labs\diy\tcp-diy\tcp-diy\debug\tcp_task.obj
c:\users\zhaojingyangchun\documents\github\zjyc-learn-1\freertos_labs\diy\tcp-diy\debug\tcp-diy.pdb
c:\users\zhaojingyangchun\documents\github\zjyc-learn-1\freertos_labs\diy\tcp-diy\tcp-diy\debug\tcp-diy.tlog\cl.command.1.tlog
c:\users\zhaojingyangchun\documents\github\zjyc-learn-1\freertos_labs\diy\tcp-diy\tcp-diy\debug\tcp-diy.tlog\cl.read.1.tlog
c:\users\zhaojingyangchun\documents\github\zjyc-learn-1\freertos_labs\diy\tcp-diy\tcp-diy\debug\tcp-diy.tlog\cl.write.1.tlog
c:\users\zhaojingyangchun\documents\github\zjyc-learn-1\freertos_labs\diy\tcp-diy\tcp-diy\debug\tcp-diy.tlog\link-cvtres.read.1.tlog
c:\users\zhaojingyangchun\documents\github\zjyc-learn-1\freertos_labs\diy\tcp-diy\tcp-diy\debug\tcp-diy.tlog\link-cvtres.write.1.tlog
c:\users\zhaojingyangchun\documents\github\zjyc-learn-1\freertos_labs\diy\tcp-diy\tcp-diy\debug\tcp-diy.tlog\link-rc.read.1.tlog
c:\users\zhaojingyangchun\documents\github\zjyc-learn-1\freertos_labs\diy\tcp-diy\tcp-diy\debug\tcp-diy.tlog\link-rc.write.1.tlog
c:\users\zhaojingyangchun\documents\github\zjyc-learn-1\freertos_labs\diy\tcp-diy\tcp-diy\debug\tcp-diy.tlog\link.command.1.tlog
c:\users\zhaojingyangchun\documents\github\zjyc-learn-1\freertos_labs\diy\tcp-diy\tcp-diy\debug\tcp-diy.tlog\link.read.1.tlog
c:\users\zhaojingyangchun\documents\github\zjyc-learn-1\freertos_labs\diy\tcp-diy\tcp-diy\debug\tcp-diy.tlog\link.write.1.tlog
